Copyright 1986-2018 Xilinx, Inc. All Rights Reserved.
-------------------------------------------------------------------------------------------------------------------------------------------------------
| Tool Version     : Vivado v.2018.1 (win64) Build 2188600 Wed Apr  4 18:40:38 MDT 2018
| Date             : Sun Jun 28 18:26:47 2020
| Host             : DESKTOP-CKUVL5A running 64-bit major release  (build 9200)
| Command          : report_power -file Top_wrapper_power_routed.rpt -pb Top_wrapper_power_summary_routed.pb -rpx Top_wrapper_power_routed.rpx
| Design           : Top_wrapper
| Device           : xczu9eg-ffvb1156-2-e
| Design State     : routed
| Grade            : extended
| Process          : typical
| Characterization : Production
-------------------------------------------------------------------------------------------------------------------------------------------------------

Power Report

Table of Contents
-----------------
1. Summary
1.1 On-Chip Components
1.2 Power Supply Summary
1.3 Confidence Level
2. Settings
2.1 Environment
2.2 Clock Constraints
3. Detailed Reports
3.1 By Hierarchy

1. Summary
----------

+--------------------------+--------------+
| Total On-Chip Power (W)  | 4.009        |
| Design Power Budget (W)  | Unspecified* |
| Power Budget Margin (W)  | NA           |
| Dynamic (W)              | 3.283        |
| Device Static (W)        | 0.726        |
| Effective TJA (C/W)      | 1.0          |
| Max Ambient (C)          | 96.1         |
| Junction Temperature (C) | 28.9         |
| Confidence Level         | Medium       |
| Setting File             | ---          |
| Simulation Activity File | ---          |
| Design Nets Matched      | NA           |
+--------------------------+--------------+
* Specify Design Power Budget using, set_operating_conditions -design_power_budget <value in Watts>


1.1 On-Chip Components
----------------------

+--------------------------+-----------+----------+-----------+-----------------+
| On-Chip                  | Power (W) | Used     | Available | Utilization (%) |
+--------------------------+-----------+----------+-----------+-----------------+
| Clocks                   |     0.074 |        3 |       --- |             --- |
| CLB Logic                |     0.195 |    39117 |       --- |             --- |
|   LUT as Logic           |     0.169 |    24653 |    274080 |            8.99 |
|   CARRY8                 |     0.020 |     1555 |     34260 |            4.54 |
|   Register               |     0.005 |    11051 |    548160 |            2.02 |
|   LUT as Distributed RAM |    <0.001 |      104 |    144000 |            0.07 |
|   LUT as Shift Register  |    <0.001 |       42 |    144000 |            0.03 |
|   BUFG                   |    <0.001 |        1 |        32 |            3.13 |
|   Others                 |     0.000 |      317 |       --- |             --- |
|   F7/F8 Muxes            |     0.000 |       36 |    274080 |            0.01 |
| Signals                  |     0.233 |    28723 |       --- |             --- |
| Block RAM                |     0.009 |        2 |       912 |            0.22 |
| PS8                      |     2.773 |        1 |       --- |             --- |
| Static Power             |     0.726 |          |           |                 |
|   PS Static              |     0.099 |          |           |                 |
|   PL Static              |     0.626 |          |           |                 |
| Total                    |     4.009 |          |           |                 |
+--------------------------+-----------+----------+-----------+-----------------+


1.2 Power Supply Summary
------------------------

+-----------------+-------------+-----------+-------------+------------+
| Source          | Voltage (V) | Total (A) | Dynamic (A) | Static (A) |
+-----------------+-------------+-----------+-------------+------------+
| Vccint          |       0.850 |     0.803 |       0.600 |      0.203 |
| Vccint_io       |       0.850 |     0.036 |       0.000 |      0.036 |
| Vccbram         |       0.850 |     0.004 |       0.001 |      0.003 |
| Vccaux          |       1.800 |     0.193 |       0.000 |      0.193 |
| Vccaux_io       |       1.800 |     0.033 |       0.000 |      0.033 |
| Vcco33          |       3.300 |     0.000 |       0.000 |      0.000 |
| Vcco25          |       2.500 |     0.000 |       0.000 |      0.000 |
| Vcco18          |       1.800 |     0.000 |       0.000 |      0.000 |
| Vcco15          |       1.500 |     0.000 |       0.000 |      0.000 |
| Vcco135         |       1.350 |     0.000 |       0.000 |      0.000 |
| Vcco12          |       1.200 |     0.000 |       0.000 |      0.000 |
| Vcco10          |       1.000 |     0.000 |       0.000 |      0.000 |
| Vccadc          |       1.800 |     0.008 |       0.000 |      0.008 |
| VCC_PSINTFP     |       0.850 |     1.111 |       1.076 |      0.035 |
| VCC_PSINTLP     |       0.850 |     0.275 |       0.268 |      0.007 |
| VPS_MGTRAVCC    |       0.850 |     0.190 |       0.189 |      0.001 |
| VCC_PSINTFP_DDR |       0.850 |     0.701 |       0.696 |      0.004 |
| VCC_PSPLL       |       1.200 |     0.073 |       0.071 |      0.002 |
| VPS_MGTRAVTT    |       1.800 |     0.034 |       0.033 |      0.001 |
| VCCO_PSDDR_504  |       1.200 |     0.626 |       0.592 |      0.034 |
| VCC_PSAUX       |       1.800 |     0.002 |       0.000 |      0.002 |
| VCC_PSBATT      |       1.200 |     0.000 |       0.000 |      0.000 |
| VCC_PSDDR_PLL   |       1.800 |     0.012 |       0.011 |      0.001 |
| VCCO_PSIO0_500  |       1.800 |     0.001 |       0.001 |      0.001 |
| VCCO_PSIO1_501  |       1.800 |     0.001 |       0.000 |      0.001 |
| VCCO_PSIO2_502  |       1.800 |     0.001 |       0.000 |      0.001 |
| VCCO_PSIO3_503  |       3.300 |     0.001 |       0.000 |      0.001 |
| VCC_PSADC       |       1.800 |     0.002 |       0.000 |      0.002 |
| MGTAVcc         |       0.900 |     0.000 |       0.000 |      0.000 |
| MGTAVtt         |       1.200 |     0.000 |       0.000 |      0.000 |
| MGTVccaux       |       1.800 |     0.000 |       0.000 |      0.000 |
+-----------------+-------------+-----------+-------------+------------+


1.3 Confidence Level
--------------------

+-----------------------------+------------+------------------------------------------------+------------------------------------------------------------------------------------------------------------+
| User Input Data             | Confidence | Details                                        | Action                                                                                                     |
+-----------------------------+------------+------------------------------------------------+------------------------------------------------------------------------------------------------------------+
| Design implementation state | High       | Design is routed                               |                                                                                                            |
| Clock nodes activity        | High       | User specified more than 95% of clocks         |                                                                                                            |
| I/O nodes activity          | High       | User specified more than 95% of inputs         |                                                                                                            |
| Internal nodes activity     | Medium     | User specified less than 25% of internal nodes | Provide missing internal nodes activity with simulation results or by editing the "By Resource Type" views |
| Device models               | High       | Device models are Production                   |                                                                                                            |
|                             |            |                                                |                                                                                                            |
| Overall confidence level    | Medium     |                                                |                                                                                                            |
+-----------------------------+------------+------------------------------------------------+------------------------------------------------------------------------------------------------------------+


2. Settings
-----------

2.1 Environment
---------------

+-----------------------+--------------------------+
| Ambient Temp (C)      | 25.0                     |
| ThetaJA (C/W)         | 1.0                      |
| Airflow (LFM)         | 250                      |
| Heat Sink             | medium (Medium Profile)  |
| ThetaSA (C/W)         | 1.5                      |
| Board Selection       | medium (10"x10")         |
| # of Board Layers     | 12to15 (12 to 15 Layers) |
| Board Temperature (C) | 25.0                     |
+-----------------------+--------------------------+


2.2 Clock Constraints
---------------------

+----------+---------------------------------------------------+-----------------+
| Clock    | Domain                                            | Constraint (ns) |
+----------+---------------------------------------------------+-----------------+
| clk_pl_0 | Top_i/zynq_ultra_ps_e_0/inst/pl_clk_unbuffered[0] |             4.0 |
+----------+---------------------------------------------------+-----------------+


3. Detailed Reports
-------------------

3.1 By Hierarchy
----------------

+-----------------------------------------------------------------------------------+-----------+
| Name                                                                              | Power (W) |
+-----------------------------------------------------------------------------------+-----------+
| Top_wrapper                                                                       |     3.283 |
|   Top_i                                                                           |     3.283 |
|     AXI_Slave8Ports_0                                                             |     0.003 |
|       inst                                                                        |     0.003 |
|         AXI_Slave8Ports_v1_0_S00_AXI_inst                                         |     0.003 |
|     ComputeCoreWrapper_0                                                          |     0.486 |
|       inst                                                                        |     0.486 |
|         CORE                                                                      |     0.484 |
|           AddPack0                                                                |     0.003 |
|           AddRound0                                                               |     0.004 |
|           BC2PVEC                                                                 |     0.005 |
|           BR                                                                      |     0.028 |
|             U0                                                                    |     0.028 |
|               inst_blk_mem_gen                                                    |     0.028 |
|                 gnbram.gnativebmg.native_blk_mem_gen                              |     0.028 |
|                   valid.cstr                                                      |     0.028 |
|                     ramloop[0].ram.r                                              |     0.015 |
|                       prim_noinit.ram                                             |     0.015 |
|                     ramloop[1].ram.r                                              |     0.013 |
|                       prim_noinit.ram                                             |     0.013 |
|           CMOV1                                                                   |    <0.001 |
|             COPY                                                                  |    <0.001 |
|           SH                                                                      |     0.222 |
|             KECCAK                                                                |     0.218 |
|               buffer_in                                                           |     0.041 |
|               round_constants_gen                                                 |    <0.001 |
|           Sampler                                                                 |     0.005 |
|           VERIFY1                                                                 |     0.001 |
|           VMUL0                                                                   |     0.210 |
|             PMUL0                                                                 |     0.209 |
|               BUFFMUX                                                             |     0.027 |
|               PLC                                                                 |     0.003 |
|               PMULTs                                                              |     0.034 |
|                 sa0                                                               |    <0.001 |
|                 sa1                                                               |    <0.001 |
|                 sa10                                                              |    <0.001 |
|                 sa101                                                             |    <0.001 |
|                 sa11                                                              |    <0.001 |
|                 sa12                                                              |    <0.001 |
|                 sa127                                                             |    <0.001 |
|                 sa128                                                             |    <0.001 |
|                 sa129                                                             |    <0.001 |
|                 sa13                                                              |    <0.001 |
|                 sa130                                                             |    <0.001 |
|                 sa131                                                             |    <0.001 |
|                 sa132                                                             |    <0.001 |
|                 sa133                                                             |    <0.001 |
|                 sa134                                                             |    <0.001 |
|                 sa135                                                             |    <0.001 |
|                 sa136                                                             |    <0.001 |
|                 sa137                                                             |    <0.001 |
|                 sa138                                                             |    <0.001 |
|                 sa139                                                             |    <0.001 |
|                 sa14                                                              |    <0.001 |
|                 sa140                                                             |    <0.001 |
|                 sa141                                                             |    <0.001 |
|                 sa142                                                             |    <0.001 |
|                 sa143                                                             |    <0.001 |
|                 sa144                                                             |    <0.001 |
|                 sa145                                                             |    <0.001 |
|                 sa146                                                             |    <0.001 |
|                 sa147                                                             |    <0.001 |
|                 sa148                                                             |    <0.001 |
|                 sa149                                                             |    <0.001 |
|                 sa15                                                              |    <0.001 |
|                 sa150                                                             |    <0.001 |
|                 sa151                                                             |    <0.001 |
|                 sa152                                                             |    <0.001 |
|                 sa153                                                             |    <0.001 |
|                 sa154                                                             |    <0.001 |
|                 sa155                                                             |    <0.001 |
|                 sa156                                                             |    <0.001 |
|                 sa157                                                             |    <0.001 |
|                 sa158                                                             |    <0.001 |
|                 sa159                                                             |    <0.001 |
|                 sa16                                                              |    <0.001 |
|                 sa160                                                             |    <0.001 |
|                 sa161                                                             |    <0.001 |
|                 sa162                                                             |    <0.001 |
|                 sa163                                                             |    <0.001 |
|                 sa164                                                             |    <0.001 |
|                 sa165                                                             |    <0.001 |
|                 sa166                                                             |    <0.001 |
|                 sa167                                                             |    <0.001 |
|                 sa168                                                             |    <0.001 |
|                 sa169                                                             |    <0.001 |
|                 sa17                                                              |    <0.001 |
|                 sa170                                                             |    <0.001 |
|                 sa171                                                             |    <0.001 |
|                 sa172                                                             |    <0.001 |
|                 sa18                                                              |    <0.001 |
|                 sa19                                                              |    <0.001 |
|                 sa2                                                               |    <0.001 |
|                 sa20                                                              |    <0.001 |
|                 sa21                                                              |    <0.001 |
|                 sa22                                                              |    <0.001 |
|                 sa229                                                             |    <0.001 |
|                 sa23                                                              |    <0.001 |
|                 sa24                                                              |    <0.001 |
|                 sa25                                                              |    <0.001 |
|                 sa255                                                             |    <0.001 |
|                 sa26                                                              |    <0.001 |
|                 sa27                                                              |    <0.001 |
|                 sa28                                                              |    <0.001 |
|                 sa29                                                              |    <0.001 |
|                 sa3                                                               |    <0.001 |
|                 sa30                                                              |    <0.001 |
|                 sa31                                                              |    <0.001 |
|                 sa32                                                              |    <0.001 |
|                 sa33                                                              |    <0.001 |
|                 sa34                                                              |    <0.001 |
|                 sa35                                                              |    <0.001 |
|                 sa36                                                              |    <0.001 |
|                 sa37                                                              |    <0.001 |
|                 sa38                                                              |    <0.001 |
|                 sa39                                                              |    <0.001 |
|                 sa4                                                               |    <0.001 |
|                 sa40                                                              |    <0.001 |
|                 sa41                                                              |    <0.001 |
|                 sa42                                                              |    <0.001 |
|                 sa43                                                              |    <0.001 |
|                 sa44                                                              |    <0.001 |
|                 sa5                                                               |    <0.001 |
|                 sa6                                                               |    <0.001 |
|                 sa7                                                               |    <0.001 |
|                 sa8                                                               |    <0.001 |
|                 sa9                                                               |    <0.001 |
|             VMUL                                                                  |     0.001 |
|           copy                                                                    |     0.001 |
|           unpack0                                                                 |     0.003 |
|         ISA_CTRL                                                                  |     0.002 |
|           IR                                                                      |     0.001 |
|             U0                                                                    |     0.001 |
|               synth_options.dist_mem_inst                                         |     0.001 |
|                 gen_sdp_ram.sdpram_inst                                           |     0.001 |
|                   ram_reg_0_63_0_2                                                |    <0.001 |
|                   ram_reg_0_63_12_14                                              |    <0.001 |
|                   ram_reg_0_63_15_17                                              |    <0.001 |
|                   ram_reg_0_63_3_5                                                |    <0.001 |
|                   ram_reg_0_63_6_8                                                |    <0.001 |
|                   ram_reg_0_63_9_11                                               |    <0.001 |
|     ps8_0_axi_periph                                                              |     0.019 |
|       s00_couplers                                                                |     0.019 |
|         auto_ds                                                                   |     0.012 |
|           inst                                                                    |     0.012 |
|             gen_downsizer.gen_simple_downsizer.axi_downsizer_inst                 |     0.012 |
|               USE_READ.read_addr_inst                                             |     0.006 |
|                 cmd_queue                                                         |     0.004 |
|                   inst                                                            |     0.004 |
|                     fifo_gen_inst                                                 |     0.001 |
|                       inst_fifo_gen                                               |     0.001 |
|                         gconvfifo.rf                                              |     0.001 |
|                           grf.rf                                                  |     0.001 |
|                             gntv_or_sync_fifo.gl0.rd                              |    <0.001 |
|                               gr1.gr1_int.rfwft                                   |    <0.001 |
|                               grss.rsts                                           |    <0.001 |
|                               rpntr                                               |    <0.001 |
|                             gntv_or_sync_fifo.gl0.wr                              |    <0.001 |
|                               gwss.wsts                                           |    <0.001 |
|                               wpntr                                               |    <0.001 |
|                             gntv_or_sync_fifo.mem                                 |    <0.001 |
|                               gdm.dm_gen.dm                                       |    <0.001 |
|                                 RAM_reg_0_31_0_5                                  |    <0.001 |
|                                 RAM_reg_0_31_12_17                                |    <0.001 |
|                                 RAM_reg_0_31_6_11                                 |    <0.001 |
|                             rstblk                                                |    <0.001 |
|                               ngwrdrst.grst.g7serrst.gnsckt_wrst.rst_wr_reg2_inst |    <0.001 |
|               USE_READ.read_data_inst                                             |     0.001 |
|               USE_WRITE.USE_SPLIT.write_resp_inst                                 |    <0.001 |
|               USE_WRITE.write_addr_inst                                           |     0.004 |
|                 USE_B_CHANNEL.cmd_b_queue                                         |    <0.001 |
|                   inst                                                            |    <0.001 |
|                     fifo_gen_inst                                                 |    <0.001 |
|                       inst_fifo_gen                                               |    <0.001 |
|                         gconvfifo.rf                                              |    <0.001 |
|                           grf.rf                                                  |    <0.001 |
|                             gntv_or_sync_fifo.gl0.rd                              |    <0.001 |
|                               gr1.gr1_int.rfwft                                   |    <0.001 |
|                               grss.rsts                                           |    <0.001 |
|                               rpntr                                               |    <0.001 |
|                             gntv_or_sync_fifo.gl0.wr                              |    <0.001 |
|                               gwss.wsts                                           |    <0.001 |
|                               wpntr                                               |    <0.001 |
|                             gntv_or_sync_fifo.mem                                 |    <0.001 |
|                               gdm.dm_gen.dm                                       |    <0.001 |
|                                 RAM_reg_0_31_0_5                                  |    <0.001 |
|                             rstblk                                                |    <0.001 |
|                               ngwrdrst.grst.g7serrst.gnsckt_wrst.rst_wr_reg2_inst |    <0.001 |
|                 cmd_queue                                                         |     0.002 |
|                   inst                                                            |     0.002 |
|                     fifo_gen_inst                                                 |     0.001 |
|                       inst_fifo_gen                                               |     0.001 |
|                         gconvfifo.rf                                              |     0.001 |
|                           grf.rf                                                  |     0.001 |
|                             gntv_or_sync_fifo.gl0.rd                              |    <0.001 |
|                               gr1.gr1_int.rfwft                                   |    <0.001 |
|                               grss.rsts                                           |    <0.001 |
|                               rpntr                                               |    <0.001 |
|                             gntv_or_sync_fifo.gl0.wr                              |    <0.001 |
|                               gwss.wsts                                           |    <0.001 |
|                               wpntr                                               |    <0.001 |
|                             gntv_or_sync_fifo.mem                                 |    <0.001 |
|                               gdm.dm_gen.dm                                       |    <0.001 |
|                                 RAM_reg_0_31_0_5                                  |    <0.001 |
|                                 RAM_reg_0_31_12_17                                |    <0.001 |
|                                 RAM_reg_0_31_6_11                                 |    <0.001 |
|                             rstblk                                                |    <0.001 |
|                               ngwrdrst.grst.g7serrst.gnsckt_wrst.rst_wr_reg2_inst |    <0.001 |
|               USE_WRITE.write_data_inst                                           |    <0.001 |
|         auto_pc                                                                   |     0.007 |
|           inst                                                                    |     0.007 |
|             gen_axilite.gen_b2s_conv.axilite_b2s                                  |     0.007 |
|               RD.ar_channel_0                                                     |     0.002 |
|                 ar_cmd_fsm_0                                                      |    <0.001 |
|                 cmd_translator_0                                                  |    <0.001 |
|                   incr_cmd_0                                                      |    <0.001 |
|                   wrap_cmd_0                                                      |    <0.001 |
|               RD.r_channel_0                                                      |     0.002 |
|                 rd_data_fifo_0                                                    |     0.001 |
|                 transaction_fifo_0                                                |    <0.001 |
|               SI_REG                                                              |     0.002 |
|                 ar.ar_pipe                                                        |    <0.001 |
|                 aw.aw_pipe                                                        |    <0.001 |
|                 b.b_pipe                                                          |    <0.001 |
|                 r.r_pipe                                                          |    <0.001 |
|               WR.aw_channel_0                                                     |    <0.001 |
|                 aw_cmd_fsm_0                                                      |    <0.001 |
|                 cmd_translator_0                                                  |    <0.001 |
|                   incr_cmd_0                                                      |    <0.001 |
|                   wrap_cmd_0                                                      |    <0.001 |
|               WR.b_channel_0                                                      |    <0.001 |
|                 bid_fifo_0                                                        |    <0.001 |
|                 bresp_fifo_0                                                      |    <0.001 |
|     rst_ps8_0_99M                                                                 |    <0.001 |
|       U0                                                                          |    <0.001 |
|         EXT_LPF                                                                   |    <0.001 |
|           ACTIVE_LOW_AUX.ACT_LO_AUX                                               |    <0.001 |
|           ACTIVE_LOW_EXT.ACT_LO_EXT                                               |    <0.001 |
|         SEQ                                                                       |    <0.001 |
|           SEQ_COUNTER                                                             |    <0.001 |
|     zynq_ultra_ps_e_0                                                             |     2.776 |
|       inst                                                                        |     2.776 |
+-----------------------------------------------------------------------------------+-----------+


