Copyright 1986-2018 Xilinx, Inc. All Rights Reserved.
------------------------------------------------------------------------------------
| Tool Version : Vivado v.2018.1 (win64) Build 2188600 Wed Apr  4 18:40:38 MDT 2018
| Date         : Sun Mar 15 22:35:51 2020
| Host         : DESKTOP-CKUVL5A running 64-bit major release  (build 9200)
| Command      : upgrade_ip
| Device       : xczu9eg-ffvb1156-2-e
------------------------------------------------------------------------------------

Upgrade Log for IP 'top_AXI_Slave8Ports_0_0'

1. Summary
----------

CAUTION (success, with warnings) in the upgrade of top_AXI_Slave8Ports_0_0 (xilinx.com:user:AXI_Slave8Ports:1.0) from (Rev. 1) to (Rev. 2)

After upgrade, an IP may have parameter and port differences compared to the original customization. Please review the parameters within the IP customization GUI to ensure proper functionality. Also, please review the updated IP instantiation template to ensure proper connectivity, and update your design if required.

2. Connection Warnings
----------------------

Detected external port differences while upgrading 'top_AXI_Slave8Ports_0_0'. These changes may impact your design.


-Upgrade has added port 'control_high_word'

-Upgrade has added port 'control_low_word'

-Upgrade has added port 'dina_ext_high_word'

-Upgrade has added port 'dina_ext_low_word'

-Upgrade has added port 'dout_ext_high_word'

-Upgrade has added port 'dout_ext_low_word'

-Upgrade has added port 'status'







Copyright 1986-2018 Xilinx, Inc. All Rights Reserved.
------------------------------------------------------------------------------------
| Tool Version : Vivado v.2018.1 (win64) Build 2188600 Wed Apr  4 18:40:38 MDT 2018
| Date         : Sun Mar 15 19:43:53 2020
| Host         : DESKTOP-CKUVL5A running 64-bit major release  (build 9200)
| Command      : upgrade_ip
| Device       : xczu9eg-ffvb1156-2-e
------------------------------------------------------------------------------------

Upgrade Log for IP 'top_AXIslave_0_0'

1. Summary
----------

SUCCESS in the upgrade of top_AXIslave_0_0 (user.org:user:AXIslave:1.0) from (Rev. 3) to (Rev. 4)






Copyright 1986-2018 Xilinx, Inc. All Rights Reserved.
---------------------------------------------------------------------------------------------------
| Tool Version : Vivado v.2018.1 (lin64) Build 2188600 Wed Apr  4 18:39:19 MDT 2018
| Date         : Wed May 23 10:23:29 2018
| Host         : westvleteren.esat.kuleuven.be running 64-bit CentOS Linux release 7.5.1804 (Core)
| Command      : upgrade_ip
| Device       : xczu9eg-ffvb1156-2-e
---------------------------------------------------------------------------------------------------

Upgrade Log for IP 'top_AXIslave_0_0'

1. Summary
----------

CAUTION (success, with warnings) in the upgrade of top_AXIslave_0_0 (user.org:user:AXIslave:1.0) from (Rev. 2) to (Rev. 3)

After upgrade, an IP may have parameter and port differences compared to the original customization. Please review the parameters within the IP customization GUI to ensure proper functionality. Also, please review the updated IP instantiation template to ensure proper connectivity, and update your design if required.

2. Connection Warnings
----------------------

Detected external port differences while upgrading 'top_AXIslave_0_0'. These changes may impact your design.


-Upgraded port 'a' out differs from original direction in

-Upgraded port 'b' out differs from original direction in

-Upgraded port 'c' in differs from original direction out







Copyright 1986-2018 Xilinx, Inc. All Rights Reserved.
---------------------------------------------------------------------------------------------------
| Tool Version : Vivado v.2018.1 (lin64) Build 2188600 Wed Apr  4 18:39:19 MDT 2018
| Date         : Wed May 23 10:19:51 2018
| Host         : westvleteren.esat.kuleuven.be running 64-bit CentOS Linux release 7.5.1804 (Core)
| Command      : upgrade_ip
| Device       : xczu9eg-ffvb1156-2-e
---------------------------------------------------------------------------------------------------

Upgrade Log for IP 'top_AXIslave_0_0'

1. Summary
----------

CAUTION (success, with warnings) in the upgrade of top_AXIslave_0_0 (user.org:user:AXIslave:1.0) from (Rev. 1) to (Rev. 2)

After upgrade, an IP may have parameter and port differences compared to the original customization. Please review the parameters within the IP customization GUI to ensure proper functionality. Also, please review the updated IP instantiation template to ensure proper connectivity, and update your design if required.

2. Connection Warnings
----------------------

Detected external port differences while upgrading 'top_AXIslave_0_0'. These changes may impact your design.


-Upgrade has added port 'a'

-Upgrade has added port 'b'

-Upgrade has added port 'c'


