16:00:32 INFO  : Registering command handlers for SDK TCF services
16:00:35 INFO  : Launching XSCT server: xsct.bat -interactive D:\SABER_FPGA_cleaned_for_Github\project_1\project_1.sdk\temp_xsdb_launch_script.tcl
16:00:40 INFO  : XSCT server has started successfully.
16:00:42 INFO  : Processing command line option -hwspec D:/SABER_FPGA_cleaned_for_Github/project_1/project_1.sdk/Top_wrapper.hdf.
16:00:42 INFO  : Successfully done setting XSCT server connection channel  
16:00:42 INFO  : Successfully done setting SDK workspace  
16:08:17 INFO  : Successfully generated D:\SABER_FPGA_cleaned_for_Github\project_1\project_1.sdk\Saber\src\lscript.ld.
16:08:17 INFO  : Applying linker script to all configurations of project Saber.
16:08:17 INFO  : Setting rebuild state to true for all configurations of project Saber.
16:09:23 INFO  : Successfully generated D:\SABER_FPGA_cleaned_for_Github\project_1\project_1.sdk\Saber\src\lscript.ld.
16:09:23 INFO  : Applying linker script to all configurations of project Saber.
16:09:23 INFO  : Setting rebuild state to true for all configurations of project Saber.
16:15:33 ERROR : Failed to connect to hardware server on host '127.0.0.1' and port '3121'.
Reason: 'connect -url tcp:127.0.0.1:3121' is cancelled.
16:15:33 INFO  : ----------------XSDB Script----------------
connect -url tcp:127.0.0.1:3121
----------------End of Script----------------

16:15:34 INFO  : Issued abort command to xsdb.
16:17:47 INFO  : Successfully generated D:\SABER_FPGA_cleaned_for_Github\project_1\project_1.sdk\Saber\src\lscript.ld.
16:17:47 INFO  : Applying linker script to all configurations of project Saber.
16:17:47 INFO  : Setting rebuild state to true for all configurations of project Saber.
16:18:09 INFO  : Connected to target on host '127.0.0.1' and port '3121'.
16:18:13 INFO  : Jtag cable 'Digilent JTAG-SMT2NC 210308A7B4EE' is selected.
16:18:13 INFO  : 'jtag frequency' command is executed.
16:18:13 INFO  : Sourcing of 'D:/Vivado2018_installed/SDK/2018.1/scripts/sdk/util/zynqmp_utils.tcl' is done.
16:18:13 INFO  : Context for 'APU' is selected.
16:18:14 INFO  : System reset is completed.
16:18:17 INFO  : 'after 3000' command is executed.
16:18:18 INFO  : 'targets -set -filter {jtag_cable_name =~ "Digilent JTAG-SMT2NC 210308A7B4EE" && level==0} -index 0' command is executed.
16:18:34 INFO  : FPGA configured successfully with bitstream "D:/SABER_FPGA_cleaned_for_Github/project_1/project_1.sdk/Top_wrapper_hw_platform_0/Top_wrapper.bit"
16:18:35 INFO  : Context for 'APU' is selected.
16:18:36 INFO  : Hardware design information is loaded from 'D:/SABER_FPGA_cleaned_for_Github/project_1/project_1.sdk/Top_wrapper_hw_platform_0/system.hdf'.
16:18:36 INFO  : 'configparams force-mem-access 1' command is executed.
16:18:37 INFO  : Context for 'APU' is selected.
16:18:37 INFO  : Sourcing of 'D:/SABER_FPGA_cleaned_for_Github/project_1/project_1.sdk/Top_wrapper_hw_platform_0/psu_init.tcl' is done.
16:18:44 INFO  : 'psu_init' command is executed.
16:18:45 INFO  : 'after 1000' command is executed.
16:18:45 INFO  : 'psu_ps_pl_isolation_removal' command is executed.
16:18:46 INFO  : 'after 1000' command is executed.
16:18:46 INFO  : 'psu_ps_pl_reset_config' command is executed.
16:18:46 INFO  : 'catch {psu_protection}' command is executed.
16:18:46 INFO  : Context for processor 'psu_cortexa53_0' is selected.
16:18:47 INFO  : Processor reset is completed for 'psu_cortexa53_0'.
16:18:48 INFO  : The application 'D:/SABER_FPGA_cleaned_for_Github/project_1/project_1.sdk/Saber/Debug/Saber.elf' is downloaded to processor 'psu_cortexa53_0'.
16:18:48 INFO  : 'configparams force-mem-access 0' command is executed.
16:18:48 INFO  : ----------------XSDB Script----------------
connect -url tcp:127.0.0.1:3121
source D:/Vivado2018_installed/SDK/2018.1/scripts/sdk/util/zynqmp_utils.tcl
targets -set -nocase -filter {name =~"APU*" && jtag_cable_name =~ "Digilent JTAG-SMT2NC 210308A7B4EE"} -index 1
rst -system
after 3000
targets -set -filter {jtag_cable_name =~ "Digilent JTAG-SMT2NC 210308A7B4EE" && level==0} -index 0
fpga -file D:/SABER_FPGA_cleaned_for_Github/project_1/project_1.sdk/Top_wrapper_hw_platform_0/Top_wrapper.bit
targets -set -nocase -filter {name =~"APU*" && jtag_cable_name =~ "Digilent JTAG-SMT2NC 210308A7B4EE"} -index 1
loadhw -hw D:/SABER_FPGA_cleaned_for_Github/project_1/project_1.sdk/Top_wrapper_hw_platform_0/system.hdf -mem-ranges [list {0x80000000 0xbfffffff} {0x400000000 0x5ffffffff} {0x1000000000 0x7fffffffff}]
configparams force-mem-access 1
targets -set -nocase -filter {name =~"APU*" && jtag_cable_name =~ "Digilent JTAG-SMT2NC 210308A7B4EE"} -index 1
source D:/SABER_FPGA_cleaned_for_Github/project_1/project_1.sdk/Top_wrapper_hw_platform_0/psu_init.tcl
psu_init
after 1000
psu_ps_pl_isolation_removal
after 1000
psu_ps_pl_reset_config
catch {psu_protection}
targets -set -nocase -filter {name =~"*A53*0" && jtag_cable_name =~ "Digilent JTAG-SMT2NC 210308A7B4EE"} -index 1
rst -processor
dow D:/SABER_FPGA_cleaned_for_Github/project_1/project_1.sdk/Saber/Debug/Saber.elf
configparams force-mem-access 0
----------------End of Script----------------

16:18:49 INFO  : Context for processor 'psu_cortexa53_0' is selected.
16:18:49 INFO  : 'con' command is executed.
16:18:49 INFO  : ----------------XSDB Script (After Launch)----------------
targets -set -nocase -filter {name =~"*A53*0" && jtag_cable_name =~ "Digilent JTAG-SMT2NC 210308A7B4EE"} -index 1
con
----------------End of Script----------------

16:18:49 INFO  : Launch script is exported to file 'D:\SABER_FPGA_cleaned_for_Github\project_1\project_1.sdk\.sdk\launch_scripts\xilinx_c-c++_application_(system_debugger)\system_debugger_using_debug_saber.elf_on_local.tcl'
16:21:43 INFO  : Disconnected from the channel tcfchan#1.
16:21:44 INFO  : Connected to target on host '127.0.0.1' and port '3121'.
16:22:31 INFO  : Launching XSCT server: xsct.bat -interactive D:\SABER_FPGA_cleaned_for_Github\project_1\project_1.sdk\temp_xsdb_launch_script.tcl
16:22:38 INFO  : XSCT server has started successfully.
16:22:40 INFO  : ----------------XSDB Script----------------
connect -url tcp:127.0.0.1:3121
----------------End of Script----------------

16:23:03 INFO  : Connected to target on host '127.0.0.1' and port '3121'.
16:24:12 INFO  : Jtag cable 'Digilent JTAG-SMT2NC 210308A7B4EE' is selected.
16:24:12 INFO  : 'jtag frequency' command is executed.
16:24:12 INFO  : Sourcing of 'D:/Vivado2018_installed/SDK/2018.1/scripts/sdk/util/zynqmp_utils.tcl' is done.
16:24:12 INFO  : Context for 'APU' is selected.
16:24:13 INFO  : System reset is completed.
16:24:17 INFO  : 'after 3000' command is executed.
16:24:17 INFO  : 'targets -set -filter {jtag_cable_name =~ "Digilent JTAG-SMT2NC 210308A7B4EE" && level==0} -index 0' command is executed.
16:24:37 INFO  : FPGA configured successfully with bitstream "D:/SABER_FPGA_cleaned_for_Github/project_1/project_1.sdk/Top_wrapper_hw_platform_0/Top_wrapper.bit"
16:24:38 INFO  : Context for 'APU' is selected.
16:24:40 INFO  : Hardware design information is loaded from 'D:/SABER_FPGA_cleaned_for_Github/project_1/project_1.sdk/Top_wrapper_hw_platform_0/system.hdf'.
16:24:40 INFO  : 'configparams force-mem-access 1' command is executed.
16:24:40 INFO  : Context for 'APU' is selected.
16:24:40 INFO  : Sourcing of 'D:/SABER_FPGA_cleaned_for_Github/project_1/project_1.sdk/Top_wrapper_hw_platform_0/psu_init.tcl' is done.
16:24:49 INFO  : 'psu_init' command is executed.
16:24:51 INFO  : 'after 1000' command is executed.
16:24:51 INFO  : 'psu_ps_pl_isolation_removal' command is executed.
16:24:52 INFO  : 'after 1000' command is executed.
16:24:53 INFO  : 'psu_ps_pl_reset_config' command is executed.
16:24:53 INFO  : 'catch {psu_protection}' command is executed.
16:24:53 INFO  : Context for processor 'psu_cortexa53_0' is selected.
16:24:54 INFO  : Processor reset is completed for 'psu_cortexa53_0'.
16:24:55 INFO  : The application 'D:/SABER_FPGA_cleaned_for_Github/project_1/project_1.sdk/Saber/Debug/Saber.elf' is downloaded to processor 'psu_cortexa53_0'.
16:24:56 INFO  : 'configparams force-mem-access 0' command is executed.
16:24:56 INFO  : ----------------XSDB Script----------------
connect -url tcp:127.0.0.1:3121
source D:/Vivado2018_installed/SDK/2018.1/scripts/sdk/util/zynqmp_utils.tcl
targets -set -nocase -filter {name =~"APU*" && jtag_cable_name =~ "Digilent JTAG-SMT2NC 210308A7B4EE"} -index 1
rst -system
after 3000
targets -set -filter {jtag_cable_name =~ "Digilent JTAG-SMT2NC 210308A7B4EE" && level==0} -index 0
fpga -file D:/SABER_FPGA_cleaned_for_Github/project_1/project_1.sdk/Top_wrapper_hw_platform_0/Top_wrapper.bit
targets -set -nocase -filter {name =~"APU*" && jtag_cable_name =~ "Digilent JTAG-SMT2NC 210308A7B4EE"} -index 1
loadhw -hw D:/SABER_FPGA_cleaned_for_Github/project_1/project_1.sdk/Top_wrapper_hw_platform_0/system.hdf -mem-ranges [list {0x80000000 0xbfffffff} {0x400000000 0x5ffffffff} {0x1000000000 0x7fffffffff}]
configparams force-mem-access 1
targets -set -nocase -filter {name =~"APU*" && jtag_cable_name =~ "Digilent JTAG-SMT2NC 210308A7B4EE"} -index 1
source D:/SABER_FPGA_cleaned_for_Github/project_1/project_1.sdk/Top_wrapper_hw_platform_0/psu_init.tcl
psu_init
after 1000
psu_ps_pl_isolation_removal
after 1000
psu_ps_pl_reset_config
catch {psu_protection}
targets -set -nocase -filter {name =~"*A53*0" && jtag_cable_name =~ "Digilent JTAG-SMT2NC 210308A7B4EE"} -index 1
rst -processor
dow D:/SABER_FPGA_cleaned_for_Github/project_1/project_1.sdk/Saber/Debug/Saber.elf
configparams force-mem-access 0
----------------End of Script----------------

16:24:56 INFO  : Context for processor 'psu_cortexa53_0' is selected.
16:24:57 INFO  : 'con' command is executed.
16:24:57 INFO  : ----------------XSDB Script (After Launch)----------------
targets -set -nocase -filter {name =~"*A53*0" && jtag_cable_name =~ "Digilent JTAG-SMT2NC 210308A7B4EE"} -index 1
con
----------------End of Script----------------

16:24:57 INFO  : Launch script is exported to file 'D:\SABER_FPGA_cleaned_for_Github\project_1\project_1.sdk\.sdk\launch_scripts\xilinx_c-c++_application_(system_debugger)\system_debugger_using_debug_saber.elf_on_local.tcl'
16:39:47 INFO  : Disconnected from the channel tcfchan#1.
16:39:48 INFO  : Connected to target on host '127.0.0.1' and port '3121'.
16:40:38 INFO  : Launching XSCT server: xsct.bat -interactive D:\SABER_FPGA_cleaned_for_Github\project_1\project_1.sdk\temp_xsdb_launch_script.tcl
16:40:48 INFO  : XSCT server has started successfully.
16:41:09 INFO  : ----------------XSDB Script----------------
connect -url tcp:127.0.0.1:3121
----------------End of Script----------------

16:41:41 INFO  : Connected to target on host '127.0.0.1' and port '3121'.
16:42:29 INFO  : Jtag cable 'Digilent JTAG-SMT2NC 210308A7B4EE' is selected.
16:42:29 INFO  : 'jtag frequency' command is executed.
16:42:29 INFO  : Sourcing of 'D:/Vivado2018_installed/SDK/2018.1/scripts/sdk/util/zynqmp_utils.tcl' is done.
16:42:29 INFO  : Context for 'APU' is selected.
16:42:30 INFO  : System reset is completed.
16:42:33 INFO  : 'after 3000' command is executed.
16:42:34 INFO  : 'targets -set -filter {jtag_cable_name =~ "Digilent JTAG-SMT2NC 210308A7B4EE" && level==0} -index 0' command is executed.
16:42:53 INFO  : FPGA configured successfully with bitstream "D:/SABER_FPGA_cleaned_for_Github/project_1/project_1.sdk/Top_wrapper_hw_platform_0/Top_wrapper.bit"
16:42:53 INFO  : Context for 'APU' is selected.
16:42:55 INFO  : Hardware design information is loaded from 'D:/SABER_FPGA_cleaned_for_Github/project_1/project_1.sdk/Top_wrapper_hw_platform_0/system.hdf'.
16:42:55 INFO  : 'configparams force-mem-access 1' command is executed.
16:42:55 INFO  : Context for 'APU' is selected.
16:42:56 INFO  : Sourcing of 'D:/SABER_FPGA_cleaned_for_Github/project_1/project_1.sdk/Top_wrapper_hw_platform_0/psu_init.tcl' is done.
16:43:02 INFO  : 'psu_init' command is executed.
16:43:03 INFO  : 'after 1000' command is executed.
16:43:03 INFO  : 'psu_ps_pl_isolation_removal' command is executed.
16:43:04 INFO  : 'after 1000' command is executed.
16:43:04 INFO  : 'psu_ps_pl_reset_config' command is executed.
16:43:05 INFO  : 'catch {psu_protection}' command is executed.
16:43:05 INFO  : Context for processor 'psu_cortexa53_0' is selected.
16:43:05 INFO  : Processor reset is completed for 'psu_cortexa53_0'.
16:43:07 INFO  : The application 'D:/SABER_FPGA_cleaned_for_Github/project_1/project_1.sdk/Saber/Debug/Saber.elf' is downloaded to processor 'psu_cortexa53_0'.
16:43:07 INFO  : 'configparams force-mem-access 0' command is executed.
16:43:07 INFO  : ----------------XSDB Script----------------
connect -url tcp:127.0.0.1:3121
source D:/Vivado2018_installed/SDK/2018.1/scripts/sdk/util/zynqmp_utils.tcl
targets -set -nocase -filter {name =~"APU*" && jtag_cable_name =~ "Digilent JTAG-SMT2NC 210308A7B4EE"} -index 1
rst -system
after 3000
targets -set -filter {jtag_cable_name =~ "Digilent JTAG-SMT2NC 210308A7B4EE" && level==0} -index 0
fpga -file D:/SABER_FPGA_cleaned_for_Github/project_1/project_1.sdk/Top_wrapper_hw_platform_0/Top_wrapper.bit
targets -set -nocase -filter {name =~"APU*" && jtag_cable_name =~ "Digilent JTAG-SMT2NC 210308A7B4EE"} -index 1
loadhw -hw D:/SABER_FPGA_cleaned_for_Github/project_1/project_1.sdk/Top_wrapper_hw_platform_0/system.hdf -mem-ranges [list {0x80000000 0xbfffffff} {0x400000000 0x5ffffffff} {0x1000000000 0x7fffffffff}]
configparams force-mem-access 1
targets -set -nocase -filter {name =~"APU*" && jtag_cable_name =~ "Digilent JTAG-SMT2NC 210308A7B4EE"} -index 1
source D:/SABER_FPGA_cleaned_for_Github/project_1/project_1.sdk/Top_wrapper_hw_platform_0/psu_init.tcl
psu_init
after 1000
psu_ps_pl_isolation_removal
after 1000
psu_ps_pl_reset_config
catch {psu_protection}
targets -set -nocase -filter {name =~"*A53*0" && jtag_cable_name =~ "Digilent JTAG-SMT2NC 210308A7B4EE"} -index 1
rst -processor
dow D:/SABER_FPGA_cleaned_for_Github/project_1/project_1.sdk/Saber/Debug/Saber.elf
configparams force-mem-access 0
----------------End of Script----------------

16:43:08 INFO  : Context for processor 'psu_cortexa53_0' is selected.
16:43:08 INFO  : 'con' command is executed.
16:43:08 INFO  : ----------------XSDB Script (After Launch)----------------
targets -set -nocase -filter {name =~"*A53*0" && jtag_cable_name =~ "Digilent JTAG-SMT2NC 210308A7B4EE"} -index 1
con
----------------End of Script----------------

16:43:08 INFO  : Launch script is exported to file 'D:\SABER_FPGA_cleaned_for_Github\project_1\project_1.sdk\.sdk\launch_scripts\xilinx_c-c++_application_(system_debugger)\system_debugger_using_debug_saber.elf_on_local.tcl'
16:45:24 INFO  : Disconnected from the channel tcfchan#1.
16:45:26 INFO  : Connected to target on host '127.0.0.1' and port '3121'.
16:46:31 INFO  : Launching XSCT server: xsct.bat -interactive D:\SABER_FPGA_cleaned_for_Github\project_1\project_1.sdk\temp_xsdb_launch_script.tcl
16:46:38 INFO  : XSCT server has started successfully.
16:46:41 INFO  : ----------------XSDB Script----------------
connect -url tcp:127.0.0.1:3121
----------------End of Script----------------

16:47:03 INFO  : Connected to target on host '127.0.0.1' and port '3121'.
16:48:04 INFO  : Jtag cable 'Digilent JTAG-SMT2NC 210308A7B4EE' is selected.
16:48:04 INFO  : 'jtag frequency' command is executed.
16:48:04 INFO  : Sourcing of 'D:/Vivado2018_installed/SDK/2018.1/scripts/sdk/util/zynqmp_utils.tcl' is done.
16:48:04 INFO  : Context for 'APU' is selected.
16:48:05 INFO  : System reset is completed.
16:48:08 INFO  : 'after 3000' command is executed.
16:48:09 INFO  : 'targets -set -filter {jtag_cable_name =~ "Digilent JTAG-SMT2NC 210308A7B4EE" && level==0} -index 0' command is executed.
16:48:28 INFO  : FPGA configured successfully with bitstream "D:/SABER_FPGA_cleaned_for_Github/project_1/project_1.sdk/Top_wrapper_hw_platform_0/Top_wrapper.bit"
16:48:28 INFO  : Context for 'APU' is selected.
16:48:31 INFO  : Hardware design information is loaded from 'D:/SABER_FPGA_cleaned_for_Github/project_1/project_1.sdk/Top_wrapper_hw_platform_0/system.hdf'.
16:48:31 INFO  : 'configparams force-mem-access 1' command is executed.
16:48:32 INFO  : Context for 'APU' is selected.
16:48:32 INFO  : Sourcing of 'D:/SABER_FPGA_cleaned_for_Github/project_1/project_1.sdk/Top_wrapper_hw_platform_0/psu_init.tcl' is done.
16:48:41 INFO  : 'psu_init' command is executed.
16:48:42 INFO  : 'after 1000' command is executed.
16:48:42 INFO  : 'psu_ps_pl_isolation_removal' command is executed.
16:48:43 INFO  : 'after 1000' command is executed.
16:48:44 INFO  : 'psu_ps_pl_reset_config' command is executed.
16:48:44 INFO  : 'catch {psu_protection}' command is executed.
16:48:44 INFO  : Context for processor 'psu_cortexa53_0' is selected.
16:48:45 INFO  : Processor reset is completed for 'psu_cortexa53_0'.
16:48:47 INFO  : The application 'D:/SABER_FPGA_cleaned_for_Github/project_1/project_1.sdk/Saber/Debug/Saber.elf' is downloaded to processor 'psu_cortexa53_0'.
16:48:47 INFO  : 'configparams force-mem-access 0' command is executed.
16:48:47 INFO  : ----------------XSDB Script----------------
connect -url tcp:127.0.0.1:3121
source D:/Vivado2018_installed/SDK/2018.1/scripts/sdk/util/zynqmp_utils.tcl
targets -set -nocase -filter {name =~"APU*" && jtag_cable_name =~ "Digilent JTAG-SMT2NC 210308A7B4EE"} -index 1
rst -system
after 3000
targets -set -filter {jtag_cable_name =~ "Digilent JTAG-SMT2NC 210308A7B4EE" && level==0} -index 0
fpga -file D:/SABER_FPGA_cleaned_for_Github/project_1/project_1.sdk/Top_wrapper_hw_platform_0/Top_wrapper.bit
targets -set -nocase -filter {name =~"APU*" && jtag_cable_name =~ "Digilent JTAG-SMT2NC 210308A7B4EE"} -index 1
loadhw -hw D:/SABER_FPGA_cleaned_for_Github/project_1/project_1.sdk/Top_wrapper_hw_platform_0/system.hdf -mem-ranges [list {0x80000000 0xbfffffff} {0x400000000 0x5ffffffff} {0x1000000000 0x7fffffffff}]
configparams force-mem-access 1
targets -set -nocase -filter {name =~"APU*" && jtag_cable_name =~ "Digilent JTAG-SMT2NC 210308A7B4EE"} -index 1
source D:/SABER_FPGA_cleaned_for_Github/project_1/project_1.sdk/Top_wrapper_hw_platform_0/psu_init.tcl
psu_init
after 1000
psu_ps_pl_isolation_removal
after 1000
psu_ps_pl_reset_config
catch {psu_protection}
targets -set -nocase -filter {name =~"*A53*0" && jtag_cable_name =~ "Digilent JTAG-SMT2NC 210308A7B4EE"} -index 1
rst -processor
dow D:/SABER_FPGA_cleaned_for_Github/project_1/project_1.sdk/Saber/Debug/Saber.elf
configparams force-mem-access 0
----------------End of Script----------------

16:48:48 INFO  : Context for processor 'psu_cortexa53_0' is selected.
16:48:48 INFO  : 'con' command is executed.
16:48:48 INFO  : ----------------XSDB Script (After Launch)----------------
targets -set -nocase -filter {name =~"*A53*0" && jtag_cable_name =~ "Digilent JTAG-SMT2NC 210308A7B4EE"} -index 1
con
----------------End of Script----------------

16:48:48 INFO  : Launch script is exported to file 'D:\SABER_FPGA_cleaned_for_Github\project_1\project_1.sdk\.sdk\launch_scripts\xilinx_c-c++_application_(system_debugger)\system_debugger_using_debug_saber.elf_on_local.tcl'
16:52:18 INFO  : SDK has detected change in the last modified timestamps for source hardware specification file Source:1593359046693,  Project:1593341976647
16:52:18 INFO  : Project Top_wrapper_hw_platform_0's source hardware specification located at D:/SABER_FPGA_cleaned_for_Github/project_1/project_1.sdk/Top_wrapper.hdf is now different from the local copy.
		 The local copy will be replaced with the source specification and your workspace will be updated.
16:52:22 INFO  : Copied contents of D:/SABER_FPGA_cleaned_for_Github/project_1/project_1.sdk/Top_wrapper.hdf into \Top_wrapper_hw_platform_0\system.hdf.
16:54:17 INFO  : Synchronizing projects in the workspace with the hardware platform specification changes.
16:55:11 INFO  : 
16:55:12 INFO  : Updating hardware inferred compiler options for Saber.
16:55:12 INFO  : Clearing existing target manager status.
16:55:12 INFO  : Closing and re-opening the MSS file of ther project Saber_bsp
16:55:27 INFO  : Workspace synchronized with the new hardware specification file. Cleaning dependent projects...
16:55:37 WARN  : Linker script will not be updated automatically. Users need to update it manually.
17:00:40 INFO  : Disconnected from the channel tcfchan#1.
17:00:52 INFO  : Connected to target on host '127.0.0.1' and port '3121'.
17:00:56 INFO  : Jtag cable 'Digilent JTAG-SMT2NC 210308A7B4EE' is selected.
17:00:56 INFO  : 'jtag frequency' command is executed.
17:00:56 INFO  : Sourcing of 'D:/Vivado2018_installed/SDK/2018.1/scripts/sdk/util/zynqmp_utils.tcl' is done.
17:00:57 INFO  : Context for 'APU' is selected.
17:00:58 INFO  : System reset is completed.
17:01:01 INFO  : 'after 3000' command is executed.
17:01:02 INFO  : 'targets -set -filter {jtag_cable_name =~ "Digilent JTAG-SMT2NC 210308A7B4EE" && level==0} -index 0' command is executed.
17:01:20 INFO  : FPGA configured successfully with bitstream "D:/SABER_FPGA_cleaned_for_Github/project_1/project_1.sdk/Top_wrapper_hw_platform_0/Top_wrapper.bit"
17:01:20 INFO  : Context for 'APU' is selected.
17:01:23 INFO  : Hardware design information is loaded from 'D:/SABER_FPGA_cleaned_for_Github/project_1/project_1.sdk/Top_wrapper_hw_platform_0/system.hdf'.
17:01:23 INFO  : 'configparams force-mem-access 1' command is executed.
17:01:24 INFO  : Context for 'APU' is selected.
17:01:24 INFO  : Sourcing of 'D:/SABER_FPGA_cleaned_for_Github/project_1/project_1.sdk/Top_wrapper_hw_platform_0/psu_init.tcl' is done.
17:01:34 INFO  : 'psu_init' command is executed.
17:01:35 INFO  : 'after 1000' command is executed.
17:01:35 INFO  : 'psu_ps_pl_isolation_removal' command is executed.
17:01:36 INFO  : 'after 1000' command is executed.
17:01:36 INFO  : 'psu_ps_pl_reset_config' command is executed.
17:01:37 INFO  : 'catch {psu_protection}' command is executed.
17:01:37 INFO  : Context for processor 'psu_cortexa53_0' is selected.
17:01:37 INFO  : Processor reset is completed for 'psu_cortexa53_0'.
17:01:40 INFO  : The application 'D:/SABER_FPGA_cleaned_for_Github/project_1/project_1.sdk/Saber/Debug/Saber.elf' is downloaded to processor 'psu_cortexa53_0'.
17:01:40 INFO  : 'configparams force-mem-access 0' command is executed.
17:01:40 INFO  : ----------------XSDB Script----------------
connect -url tcp:127.0.0.1:3121
source D:/Vivado2018_installed/SDK/2018.1/scripts/sdk/util/zynqmp_utils.tcl
targets -set -nocase -filter {name =~"APU*" && jtag_cable_name =~ "Digilent JTAG-SMT2NC 210308A7B4EE"} -index 1
rst -system
after 3000
targets -set -filter {jtag_cable_name =~ "Digilent JTAG-SMT2NC 210308A7B4EE" && level==0} -index 0
fpga -file D:/SABER_FPGA_cleaned_for_Github/project_1/project_1.sdk/Top_wrapper_hw_platform_0/Top_wrapper.bit
targets -set -nocase -filter {name =~"APU*" && jtag_cable_name =~ "Digilent JTAG-SMT2NC 210308A7B4EE"} -index 1
loadhw -hw D:/SABER_FPGA_cleaned_for_Github/project_1/project_1.sdk/Top_wrapper_hw_platform_0/system.hdf -mem-ranges [list {0x80000000 0xbfffffff} {0x400000000 0x5ffffffff} {0x1000000000 0x7fffffffff}]
configparams force-mem-access 1
targets -set -nocase -filter {name =~"APU*" && jtag_cable_name =~ "Digilent JTAG-SMT2NC 210308A7B4EE"} -index 1
source D:/SABER_FPGA_cleaned_for_Github/project_1/project_1.sdk/Top_wrapper_hw_platform_0/psu_init.tcl
psu_init
after 1000
psu_ps_pl_isolation_removal
after 1000
psu_ps_pl_reset_config
catch {psu_protection}
targets -set -nocase -filter {name =~"*A53*0" && jtag_cable_name =~ "Digilent JTAG-SMT2NC 210308A7B4EE"} -index 1
rst -processor
dow D:/SABER_FPGA_cleaned_for_Github/project_1/project_1.sdk/Saber/Debug/Saber.elf
configparams force-mem-access 0
----------------End of Script----------------

17:01:40 INFO  : Context for processor 'psu_cortexa53_0' is selected.
17:01:41 INFO  : 'con' command is executed.
17:01:41 INFO  : ----------------XSDB Script (After Launch)----------------
targets -set -nocase -filter {name =~"*A53*0" && jtag_cable_name =~ "Digilent JTAG-SMT2NC 210308A7B4EE"} -index 1
con
----------------End of Script----------------

17:01:41 INFO  : Launch script is exported to file 'D:\SABER_FPGA_cleaned_for_Github\project_1\project_1.sdk\.sdk\launch_scripts\xilinx_c-c++_application_(system_debugger)\system_debugger_using_debug_saber.elf_on_local.tcl'
18:43:51 INFO  : SDK has detected change in the last modified timestamps for source hardware specification file Source:1593365670691,  Project:1593359046693
18:43:51 INFO  : Project Top_wrapper_hw_platform_0's source hardware specification located at D:/SABER_FPGA_cleaned_for_Github/project_1/project_1.sdk/Top_wrapper.hdf is now different from the local copy.
		 The local copy will be replaced with the source specification and your workspace will be updated.
18:43:57 INFO  : Copied contents of D:/SABER_FPGA_cleaned_for_Github/project_1/project_1.sdk/Top_wrapper.hdf into \Top_wrapper_hw_platform_0\system.hdf.
18:45:53 INFO  : Synchronizing projects in the workspace with the hardware platform specification changes.
18:46:35 INFO  : 
18:46:36 INFO  : Updating hardware inferred compiler options for Saber.
18:46:37 INFO  : Clearing existing target manager status.
18:46:37 INFO  : Closing and re-opening the MSS file of ther project Saber_bsp
18:46:48 INFO  : Workspace synchronized with the new hardware specification file. Cleaning dependent projects...
18:47:05 WARN  : Linker script will not be updated automatically. Users need to update it manually.
18:52:39 INFO  : Disconnected from the channel tcfchan#2.
18:52:49 INFO  : Connected to target on host '127.0.0.1' and port '3121'.
18:52:53 INFO  : Jtag cable 'Digilent JTAG-SMT2NC 210308A7B4EE' is selected.
18:52:53 INFO  : 'jtag frequency' command is executed.
18:52:53 INFO  : Sourcing of 'D:/Vivado2018_installed/SDK/2018.1/scripts/sdk/util/zynqmp_utils.tcl' is done.
18:52:54 INFO  : Context for 'APU' is selected.
18:52:55 INFO  : System reset is completed.
18:52:58 INFO  : 'after 3000' command is executed.
18:52:59 INFO  : 'targets -set -filter {jtag_cable_name =~ "Digilent JTAG-SMT2NC 210308A7B4EE" && level==0} -index 0' command is executed.
18:53:16 INFO  : FPGA configured successfully with bitstream "D:/SABER_FPGA_cleaned_for_Github/project_1/project_1.sdk/Top_wrapper_hw_platform_0/Top_wrapper.bit"
18:53:16 INFO  : Context for 'APU' is selected.
18:53:19 INFO  : Hardware design information is loaded from 'D:/SABER_FPGA_cleaned_for_Github/project_1/project_1.sdk/Top_wrapper_hw_platform_0/system.hdf'.
18:53:19 INFO  : 'configparams force-mem-access 1' command is executed.
18:53:20 INFO  : Context for 'APU' is selected.
18:53:20 INFO  : Sourcing of 'D:/SABER_FPGA_cleaned_for_Github/project_1/project_1.sdk/Top_wrapper_hw_platform_0/psu_init.tcl' is done.
18:53:29 INFO  : 'psu_init' command is executed.
18:53:30 INFO  : 'after 1000' command is executed.
18:53:31 INFO  : 'psu_ps_pl_isolation_removal' command is executed.
18:53:32 INFO  : 'after 1000' command is executed.
18:53:32 INFO  : 'psu_ps_pl_reset_config' command is executed.
18:53:32 INFO  : 'catch {psu_protection}' command is executed.
18:53:32 INFO  : Context for processor 'psu_cortexa53_0' is selected.
18:53:33 INFO  : Processor reset is completed for 'psu_cortexa53_0'.
18:53:35 INFO  : The application 'D:/SABER_FPGA_cleaned_for_Github/project_1/project_1.sdk/Saber/Debug/Saber.elf' is downloaded to processor 'psu_cortexa53_0'.
18:53:35 INFO  : 'configparams force-mem-access 0' command is executed.
18:53:35 INFO  : ----------------XSDB Script----------------
connect -url tcp:127.0.0.1:3121
source D:/Vivado2018_installed/SDK/2018.1/scripts/sdk/util/zynqmp_utils.tcl
targets -set -nocase -filter {name =~"APU*" && jtag_cable_name =~ "Digilent JTAG-SMT2NC 210308A7B4EE"} -index 1
rst -system
after 3000
targets -set -filter {jtag_cable_name =~ "Digilent JTAG-SMT2NC 210308A7B4EE" && level==0} -index 0
fpga -file D:/SABER_FPGA_cleaned_for_Github/project_1/project_1.sdk/Top_wrapper_hw_platform_0/Top_wrapper.bit
targets -set -nocase -filter {name =~"APU*" && jtag_cable_name =~ "Digilent JTAG-SMT2NC 210308A7B4EE"} -index 1
loadhw -hw D:/SABER_FPGA_cleaned_for_Github/project_1/project_1.sdk/Top_wrapper_hw_platform_0/system.hdf -mem-ranges [list {0x80000000 0xbfffffff} {0x400000000 0x5ffffffff} {0x1000000000 0x7fffffffff}]
configparams force-mem-access 1
targets -set -nocase -filter {name =~"APU*" && jtag_cable_name =~ "Digilent JTAG-SMT2NC 210308A7B4EE"} -index 1
source D:/SABER_FPGA_cleaned_for_Github/project_1/project_1.sdk/Top_wrapper_hw_platform_0/psu_init.tcl
psu_init
after 1000
psu_ps_pl_isolation_removal
after 1000
psu_ps_pl_reset_config
catch {psu_protection}
targets -set -nocase -filter {name =~"*A53*0" && jtag_cable_name =~ "Digilent JTAG-SMT2NC 210308A7B4EE"} -index 1
rst -processor
dow D:/SABER_FPGA_cleaned_for_Github/project_1/project_1.sdk/Saber/Debug/Saber.elf
configparams force-mem-access 0
----------------End of Script----------------

18:53:35 INFO  : Context for processor 'psu_cortexa53_0' is selected.
18:53:35 INFO  : 'con' command is executed.
18:53:35 INFO  : ----------------XSDB Script (After Launch)----------------
targets -set -nocase -filter {name =~"*A53*0" && jtag_cable_name =~ "Digilent JTAG-SMT2NC 210308A7B4EE"} -index 1
con
----------------End of Script----------------

18:53:35 INFO  : Launch script is exported to file 'D:\SABER_FPGA_cleaned_for_Github\project_1\project_1.sdk\.sdk\launch_scripts\xilinx_c-c++_application_(system_debugger)\system_debugger_using_debug_saber.elf_on_local.tcl'
19:08:13 INFO  : Disconnected from the channel tcfchan#3.
19:08:14 INFO  : Connected to target on host '127.0.0.1' and port '3121'.
19:08:17 INFO  : Jtag cable 'Digilent JTAG-SMT2NC 210308A7B4EE' is selected.
19:08:17 INFO  : 'jtag frequency' command is executed.
19:08:17 INFO  : Sourcing of 'D:/Vivado2018_installed/SDK/2018.1/scripts/sdk/util/zynqmp_utils.tcl' is done.
19:08:18 INFO  : Context for 'APU' is selected.
19:08:19 INFO  : System reset is completed.
19:08:22 INFO  : 'after 3000' command is executed.
19:08:22 INFO  : 'targets -set -filter {jtag_cable_name =~ "Digilent JTAG-SMT2NC 210308A7B4EE" && level==0} -index 0' command is executed.
19:08:40 INFO  : FPGA configured successfully with bitstream "D:/SABER_FPGA_cleaned_for_Github/project_1/project_1.sdk/Top_wrapper_hw_platform_0/Top_wrapper.bit"
19:08:40 INFO  : Context for 'APU' is selected.
19:08:41 INFO  : Hardware design information is loaded from 'D:/SABER_FPGA_cleaned_for_Github/project_1/project_1.sdk/Top_wrapper_hw_platform_0/system.hdf'.
19:08:41 INFO  : 'configparams force-mem-access 1' command is executed.
19:08:41 INFO  : Context for 'APU' is selected.
19:08:41 INFO  : Sourcing of 'D:/SABER_FPGA_cleaned_for_Github/project_1/project_1.sdk/Top_wrapper_hw_platform_0/psu_init.tcl' is done.
19:08:48 INFO  : 'psu_init' command is executed.
19:08:49 INFO  : 'after 1000' command is executed.
19:08:49 INFO  : 'psu_ps_pl_isolation_removal' command is executed.
19:08:50 INFO  : 'after 1000' command is executed.
19:08:50 INFO  : 'psu_ps_pl_reset_config' command is executed.
19:08:50 INFO  : 'catch {psu_protection}' command is executed.
19:08:50 INFO  : Context for processor 'psu_cortexa53_0' is selected.
19:08:51 INFO  : Processor reset is completed for 'psu_cortexa53_0'.
19:08:53 INFO  : The application 'D:/SABER_FPGA_cleaned_for_Github/project_1/project_1.sdk/Saber/Debug/Saber.elf' is downloaded to processor 'psu_cortexa53_0'.
19:08:53 INFO  : 'configparams force-mem-access 0' command is executed.
19:08:53 INFO  : ----------------XSDB Script----------------
connect -url tcp:127.0.0.1:3121
source D:/Vivado2018_installed/SDK/2018.1/scripts/sdk/util/zynqmp_utils.tcl
targets -set -nocase -filter {name =~"APU*" && jtag_cable_name =~ "Digilent JTAG-SMT2NC 210308A7B4EE"} -index 1
rst -system
after 3000
targets -set -filter {jtag_cable_name =~ "Digilent JTAG-SMT2NC 210308A7B4EE" && level==0} -index 0
fpga -file D:/SABER_FPGA_cleaned_for_Github/project_1/project_1.sdk/Top_wrapper_hw_platform_0/Top_wrapper.bit
targets -set -nocase -filter {name =~"APU*" && jtag_cable_name =~ "Digilent JTAG-SMT2NC 210308A7B4EE"} -index 1
loadhw -hw D:/SABER_FPGA_cleaned_for_Github/project_1/project_1.sdk/Top_wrapper_hw_platform_0/system.hdf -mem-ranges [list {0x80000000 0xbfffffff} {0x400000000 0x5ffffffff} {0x1000000000 0x7fffffffff}]
configparams force-mem-access 1
targets -set -nocase -filter {name =~"APU*" && jtag_cable_name =~ "Digilent JTAG-SMT2NC 210308A7B4EE"} -index 1
source D:/SABER_FPGA_cleaned_for_Github/project_1/project_1.sdk/Top_wrapper_hw_platform_0/psu_init.tcl
psu_init
after 1000
psu_ps_pl_isolation_removal
after 1000
psu_ps_pl_reset_config
catch {psu_protection}
targets -set -nocase -filter {name =~"*A53*0" && jtag_cable_name =~ "Digilent JTAG-SMT2NC 210308A7B4EE"} -index 1
rst -processor
dow D:/SABER_FPGA_cleaned_for_Github/project_1/project_1.sdk/Saber/Debug/Saber.elf
configparams force-mem-access 0
----------------End of Script----------------

19:08:54 INFO  : Context for processor 'psu_cortexa53_0' is selected.
19:08:54 INFO  : 'con' command is executed.
19:08:54 INFO  : ----------------XSDB Script (After Launch)----------------
targets -set -nocase -filter {name =~"*A53*0" && jtag_cable_name =~ "Digilent JTAG-SMT2NC 210308A7B4EE"} -index 1
con
----------------End of Script----------------

19:08:54 INFO  : Launch script is exported to file 'D:\SABER_FPGA_cleaned_for_Github\project_1\project_1.sdk\.sdk\launch_scripts\xilinx_c-c++_application_(system_debugger)\system_debugger_using_debug_saber.elf_on_local.tcl'
19:29:45 INFO  : Disconnected from the channel tcfchan#4.
