
*** Running vivado
    with args -log dsp_mul.vds -m64 -product Vivado -mode batch -messageDb vivado.pb -notrace -source dsp_mul.tcl


****** Vivado v2018.1 (64-bit)
  **** SW Build 2188600 on Wed Apr  4 18:40:38 MDT 2018
  **** IP Build 2185939 on Wed Apr  4 20:55:05 MDT 2018
    ** Copyright 1986-2018 Xilinx, Inc. All Rights Reserved.

source dsp_mul.tcl -notrace
Command: synth_design -top dsp_mul -part xczu9eg-ffvb1156-2-e -mode out_of_context
Starting synth_design
Attempting to get a license for feature 'Synthesis' and/or device 'xczu9eg'
INFO: [Common 17-349] Got license for feature 'Synthesis' and/or device 'xczu9eg'
INFO: [Common 17-1540] The version limit for your license is '2019.08' and has expired for new software. A version limit expiration means that, although you may be able to continue to use the current version of tools or IP with this license, you will not be eligible for any updates or new releases.
INFO: Launching helper process for spawning children vivado processes
INFO: Helper process launched with PID 3280 
---------------------------------------------------------------------------------
Starting RTL Elaboration : Time (s): cpu = 00:00:24 ; elapsed = 00:00:28 . Memory (MB): peak = 683.281 ; gain = 0.000
---------------------------------------------------------------------------------
INFO: [Synth 8-638] synthesizing module 'dsp_mul' [d:/SABER_FPGA/Verilog_src/Polynomial_multiplier_prime/polmul_prime/polmul_prime.srcs/sources_1/ip/dsp_mul/synth/dsp_mul.vhd:68]
	Parameter C_VERBOSITY bound to: 0 - type: integer 
	Parameter C_MODEL_TYPE bound to: 0 - type: integer 
	Parameter C_XDEVICEFAMILY bound to: zynquplus - type: string 
	Parameter C_HAS_CE bound to: 0 - type: integer 
	Parameter C_HAS_INDEP_CE bound to: 0 - type: integer 
	Parameter C_HAS_CED bound to: 0 - type: integer 
	Parameter C_HAS_CEA bound to: 0 - type: integer 
	Parameter C_HAS_CEB bound to: 0 - type: integer 
	Parameter C_HAS_CEC bound to: 0 - type: integer 
	Parameter C_HAS_CECONCAT bound to: 0 - type: integer 
	Parameter C_HAS_CEM bound to: 0 - type: integer 
	Parameter C_HAS_CEP bound to: 0 - type: integer 
	Parameter C_HAS_CESEL bound to: 0 - type: integer 
	Parameter C_HAS_SCLR bound to: 0 - type: integer 
	Parameter C_HAS_INDEP_SCLR bound to: 0 - type: integer 
	Parameter C_HAS_SCLRD bound to: 0 - type: integer 
	Parameter C_HAS_SCLRA bound to: 0 - type: integer 
	Parameter C_HAS_SCLRB bound to: 0 - type: integer 
	Parameter C_HAS_SCLRC bound to: 0 - type: integer 
	Parameter C_HAS_SCLRM bound to: 0 - type: integer 
	Parameter C_HAS_SCLRP bound to: 0 - type: integer 
	Parameter C_HAS_SCLRCONCAT bound to: 0 - type: integer 
	Parameter C_HAS_SCLRSEL bound to: 0 - type: integer 
	Parameter C_HAS_CARRYCASCIN bound to: 0 - type: integer 
	Parameter C_HAS_CARRYIN bound to: 0 - type: integer 
	Parameter C_HAS_ACIN bound to: 0 - type: integer 
	Parameter C_HAS_BCIN bound to: 0 - type: integer 
	Parameter C_HAS_PCIN bound to: 0 - type: integer 
	Parameter C_HAS_A bound to: 1 - type: integer 
	Parameter C_HAS_B bound to: 1 - type: integer 
	Parameter C_HAS_D bound to: 0 - type: integer 
	Parameter C_HAS_CONCAT bound to: 0 - type: integer 
	Parameter C_HAS_C bound to: 0 - type: integer 
	Parameter C_A_WIDTH bound to: 13 - type: integer 
	Parameter C_B_WIDTH bound to: 13 - type: integer 
	Parameter C_C_WIDTH bound to: 48 - type: integer 
	Parameter C_D_WIDTH bound to: 18 - type: integer 
	Parameter C_CONCAT_WIDTH bound to: 48 - type: integer 
	Parameter C_P_MSB bound to: 25 - type: integer 
	Parameter C_P_LSB bound to: 0 - type: integer 
	Parameter C_SEL_WIDTH bound to: 0 - type: integer 
	Parameter C_HAS_ACOUT bound to: 0 - type: integer 
	Parameter C_HAS_BCOUT bound to: 0 - type: integer 
	Parameter C_HAS_CARRYCASCOUT bound to: 0 - type: integer 
	Parameter C_HAS_CARRYOUT bound to: 0 - type: integer 
	Parameter C_HAS_PCOUT bound to: 0 - type: integer 
	Parameter C_CONSTANT_1 bound to: 1 - type: integer 
	Parameter C_LATENCY bound to: -1 - type: integer 
	Parameter C_OPMODES bound to: 000100100000010100000000 - type: string 
	Parameter C_REG_CONFIG bound to: 00000000000011000011000001000100 - type: string 
	Parameter C_TEST_CORE bound to: 0 - type: integer 
INFO: [Synth 8-3491] module 'xbip_dsp48_macro_v3_0_16' declared at 'd:/SABER_FPGA/Verilog_src/Polynomial_multiplier_prime/polmul_prime/polmul_prime.srcs/sources_1/ip/dsp_mul/hdl/xbip_dsp48_macro_v3_0_vh_rfs.vhd:5013' bound to instance 'U0' of component 'xbip_dsp48_macro_v3_0_16' [d:/SABER_FPGA/Verilog_src/Polynomial_multiplier_prime/polmul_prime/polmul_prime.srcs/sources_1/ip/dsp_mul/synth/dsp_mul.vhd:207]
INFO: [Synth 8-256] done synthesizing module 'dsp_mul' (6#1) [d:/SABER_FPGA/Verilog_src/Polynomial_multiplier_prime/polmul_prime/polmul_prime.srcs/sources_1/ip/dsp_mul/synth/dsp_mul.vhd:68]
WARNING: [Synth 8-3331] design xbip_dsp48e2_wrapper_v3_0 has unconnected port CE
WARNING: [Synth 8-3331] design xbip_dsp48e2_wrapper_v3_0 has unconnected port SCLR
WARNING: [Synth 8-3331] design xbip_dsp48e2_wrapper_v3_0 has unconnected port CEAD
WARNING: [Synth 8-3331] design xbip_dsp48e2_wrapper_v3_0 has unconnected port CED
WARNING: [Synth 8-3331] design xbip_dsp48e2_wrapper_v3_0 has unconnected port SCLRD
WARNING: [Synth 8-3331] design xbip_pipe_v3_0_5_viv has unconnected port CLK
WARNING: [Synth 8-3331] design xbip_pipe_v3_0_5_viv has unconnected port CE
WARNING: [Synth 8-3331] design xbip_pipe_v3_0_5_viv has unconnected port SCLR
WARNING: [Synth 8-3331] design xbip_pipe_v3_0_5_viv has unconnected port SSET
WARNING: [Synth 8-3331] design xbip_pipe_v3_0_5_viv has unconnected port SINIT
WARNING: [Synth 8-3331] design xbip_pipe_v3_0_5_viv__parameterized5 has unconnected port CE
WARNING: [Synth 8-3331] design xbip_pipe_v3_0_5_viv__parameterized5 has unconnected port SCLR
WARNING: [Synth 8-3331] design xbip_pipe_v3_0_5_viv__parameterized5 has unconnected port SSET
WARNING: [Synth 8-3331] design xbip_pipe_v3_0_5_viv__parameterized5 has unconnected port SINIT
WARNING: [Synth 8-3331] design xbip_pipe_v3_0_5_viv__parameterized4 has unconnected port CLK
WARNING: [Synth 8-3331] design xbip_pipe_v3_0_5_viv__parameterized4 has unconnected port CE
WARNING: [Synth 8-3331] design xbip_pipe_v3_0_5_viv__parameterized4 has unconnected port SCLR
WARNING: [Synth 8-3331] design xbip_pipe_v3_0_5_viv__parameterized4 has unconnected port SSET
WARNING: [Synth 8-3331] design xbip_pipe_v3_0_5_viv__parameterized4 has unconnected port SINIT
WARNING: [Synth 8-3331] design xbip_pipe_v3_0_5_viv__parameterized3 has unconnected port CE
WARNING: [Synth 8-3331] design xbip_pipe_v3_0_5_viv__parameterized3 has unconnected port SCLR
WARNING: [Synth 8-3331] design xbip_pipe_v3_0_5_viv__parameterized3 has unconnected port SSET
WARNING: [Synth 8-3331] design xbip_pipe_v3_0_5_viv__parameterized3 has unconnected port SINIT
WARNING: [Synth 8-3331] design xbip_pipe_v3_0_5_viv__parameterized2 has unconnected port CLK
WARNING: [Synth 8-3331] design xbip_pipe_v3_0_5_viv__parameterized2 has unconnected port CE
WARNING: [Synth 8-3331] design xbip_pipe_v3_0_5_viv__parameterized2 has unconnected port SCLR
WARNING: [Synth 8-3331] design xbip_pipe_v3_0_5_viv__parameterized2 has unconnected port SSET
WARNING: [Synth 8-3331] design xbip_pipe_v3_0_5_viv__parameterized2 has unconnected port SINIT
WARNING: [Synth 8-3331] design xbip_pipe_v3_0_5_viv__parameterized1 has unconnected port CE
WARNING: [Synth 8-3331] design xbip_pipe_v3_0_5_viv__parameterized1 has unconnected port SCLR
WARNING: [Synth 8-3331] design xbip_pipe_v3_0_5_viv__parameterized1 has unconnected port SSET
WARNING: [Synth 8-3331] design xbip_pipe_v3_0_5_viv__parameterized1 has unconnected port SINIT
WARNING: [Synth 8-3331] design xbip_pipe_v3_0_5_viv__parameterized0 has unconnected port CLK
WARNING: [Synth 8-3331] design xbip_pipe_v3_0_5_viv__parameterized0 has unconnected port CE
WARNING: [Synth 8-3331] design xbip_pipe_v3_0_5_viv__parameterized0 has unconnected port SCLR
WARNING: [Synth 8-3331] design xbip_pipe_v3_0_5_viv__parameterized0 has unconnected port SSET
WARNING: [Synth 8-3331] design xbip_pipe_v3_0_5_viv__parameterized0 has unconnected port SINIT
WARNING: [Synth 8-3331] design xbip_dsp48_macro_synth has unconnected port CE
WARNING: [Synth 8-3331] design xbip_dsp48_macro_synth has unconnected port SCLR
WARNING: [Synth 8-3331] design xbip_dsp48_macro_synth has unconnected port SEL[0]
WARNING: [Synth 8-3331] design xbip_dsp48_macro_synth has unconnected port C[47]
WARNING: [Synth 8-3331] design xbip_dsp48_macro_synth has unconnected port C[46]
WARNING: [Synth 8-3331] design xbip_dsp48_macro_synth has unconnected port C[45]
WARNING: [Synth 8-3331] design xbip_dsp48_macro_synth has unconnected port C[44]
WARNING: [Synth 8-3331] design xbip_dsp48_macro_synth has unconnected port C[43]
WARNING: [Synth 8-3331] design xbip_dsp48_macro_synth has unconnected port C[42]
WARNING: [Synth 8-3331] design xbip_dsp48_macro_synth has unconnected port C[41]
WARNING: [Synth 8-3331] design xbip_dsp48_macro_synth has unconnected port C[40]
WARNING: [Synth 8-3331] design xbip_dsp48_macro_synth has unconnected port C[39]
WARNING: [Synth 8-3331] design xbip_dsp48_macro_synth has unconnected port C[38]
WARNING: [Synth 8-3331] design xbip_dsp48_macro_synth has unconnected port C[37]
WARNING: [Synth 8-3331] design xbip_dsp48_macro_synth has unconnected port C[36]
WARNING: [Synth 8-3331] design xbip_dsp48_macro_synth has unconnected port C[35]
WARNING: [Synth 8-3331] design xbip_dsp48_macro_synth has unconnected port C[34]
WARNING: [Synth 8-3331] design xbip_dsp48_macro_synth has unconnected port C[33]
WARNING: [Synth 8-3331] design xbip_dsp48_macro_synth has unconnected port C[32]
WARNING: [Synth 8-3331] design xbip_dsp48_macro_synth has unconnected port C[31]
WARNING: [Synth 8-3331] design xbip_dsp48_macro_synth has unconnected port C[30]
WARNING: [Synth 8-3331] design xbip_dsp48_macro_synth has unconnected port C[29]
WARNING: [Synth 8-3331] design xbip_dsp48_macro_synth has unconnected port C[28]
WARNING: [Synth 8-3331] design xbip_dsp48_macro_synth has unconnected port C[27]
WARNING: [Synth 8-3331] design xbip_dsp48_macro_synth has unconnected port C[26]
WARNING: [Synth 8-3331] design xbip_dsp48_macro_synth has unconnected port C[25]
WARNING: [Synth 8-3331] design xbip_dsp48_macro_synth has unconnected port C[24]
WARNING: [Synth 8-3331] design xbip_dsp48_macro_synth has unconnected port C[23]
WARNING: [Synth 8-3331] design xbip_dsp48_macro_synth has unconnected port C[22]
WARNING: [Synth 8-3331] design xbip_dsp48_macro_synth has unconnected port C[21]
WARNING: [Synth 8-3331] design xbip_dsp48_macro_synth has unconnected port C[20]
WARNING: [Synth 8-3331] design xbip_dsp48_macro_synth has unconnected port C[19]
WARNING: [Synth 8-3331] design xbip_dsp48_macro_synth has unconnected port C[18]
WARNING: [Synth 8-3331] design xbip_dsp48_macro_synth has unconnected port C[17]
WARNING: [Synth 8-3331] design xbip_dsp48_macro_synth has unconnected port C[16]
WARNING: [Synth 8-3331] design xbip_dsp48_macro_synth has unconnected port C[15]
WARNING: [Synth 8-3331] design xbip_dsp48_macro_synth has unconnected port C[14]
WARNING: [Synth 8-3331] design xbip_dsp48_macro_synth has unconnected port C[13]
WARNING: [Synth 8-3331] design xbip_dsp48_macro_synth has unconnected port C[12]
WARNING: [Synth 8-3331] design xbip_dsp48_macro_synth has unconnected port C[11]
WARNING: [Synth 8-3331] design xbip_dsp48_macro_synth has unconnected port C[10]
WARNING: [Synth 8-3331] design xbip_dsp48_macro_synth has unconnected port C[9]
WARNING: [Synth 8-3331] design xbip_dsp48_macro_synth has unconnected port C[8]
WARNING: [Synth 8-3331] design xbip_dsp48_macro_synth has unconnected port C[7]
WARNING: [Synth 8-3331] design xbip_dsp48_macro_synth has unconnected port C[6]
WARNING: [Synth 8-3331] design xbip_dsp48_macro_synth has unconnected port C[5]
WARNING: [Synth 8-3331] design xbip_dsp48_macro_synth has unconnected port C[4]
WARNING: [Synth 8-3331] design xbip_dsp48_macro_synth has unconnected port C[3]
WARNING: [Synth 8-3331] design xbip_dsp48_macro_synth has unconnected port C[2]
WARNING: [Synth 8-3331] design xbip_dsp48_macro_synth has unconnected port C[1]
WARNING: [Synth 8-3331] design xbip_dsp48_macro_synth has unconnected port C[0]
WARNING: [Synth 8-3331] design xbip_dsp48_macro_synth has unconnected port D[17]
WARNING: [Synth 8-3331] design xbip_dsp48_macro_synth has unconnected port D[16]
WARNING: [Synth 8-3331] design xbip_dsp48_macro_synth has unconnected port D[15]
WARNING: [Synth 8-3331] design xbip_dsp48_macro_synth has unconnected port D[14]
WARNING: [Synth 8-3331] design xbip_dsp48_macro_synth has unconnected port D[13]
WARNING: [Synth 8-3331] design xbip_dsp48_macro_synth has unconnected port D[12]
WARNING: [Synth 8-3331] design xbip_dsp48_macro_synth has unconnected port D[11]
WARNING: [Synth 8-3331] design xbip_dsp48_macro_synth has unconnected port D[10]
WARNING: [Synth 8-3331] design xbip_dsp48_macro_synth has unconnected port D[9]
WARNING: [Synth 8-3331] design xbip_dsp48_macro_synth has unconnected port D[8]
WARNING: [Synth 8-3331] design xbip_dsp48_macro_synth has unconnected port D[7]
WARNING: [Synth 8-3331] design xbip_dsp48_macro_synth has unconnected port D[6]
INFO: [Common 17-14] Message 'Synth 8-3331' appears 100 times and further instances of the messages will be disabled. Use the Tcl command set_msg_config to change the current settings.
---------------------------------------------------------------------------------
Finished RTL Elaboration : Time (s): cpu = 00:00:33 ; elapsed = 00:00:38 . Memory (MB): peak = 683.281 ; gain = 0.000
---------------------------------------------------------------------------------

Report Check Netlist: 
+------+------------------+-------+---------+-------+------------------+
|      |Item              |Errors |Warnings |Status |Description       |
+------+------------------+-------+---------+-------+------------------+
|1     |multi_driven_nets |      0|        0|Passed |Multi driven nets |
+------+------------------+-------+---------+-------+------------------+
---------------------------------------------------------------------------------
Start Handling Custom Attributes
---------------------------------------------------------------------------------
---------------------------------------------------------------------------------
Finished Handling Custom Attributes : Time (s): cpu = 00:00:34 ; elapsed = 00:00:39 . Memory (MB): peak = 683.281 ; gain = 0.000
---------------------------------------------------------------------------------
---------------------------------------------------------------------------------
Finished RTL Optimization Phase 1 : Time (s): cpu = 00:00:34 ; elapsed = 00:00:39 . Memory (MB): peak = 683.281 ; gain = 0.000
---------------------------------------------------------------------------------
INFO: [Netlist 29-17] Analyzing 1 Unisim elements for replacement
INFO: [Netlist 29-28] Unisim Transformation completed in 0 CPU seconds
INFO: [Device 21-403] Loading part xczu9eg-ffvb1156-2-e
INFO: [Project 1-570] Preparing netlist for logic optimization

Processing XDC Constraints
Initializing timing engine
Parsing XDC File [d:/SABER_FPGA/Verilog_src/Polynomial_multiplier_prime/polmul_prime/polmul_prime.srcs/sources_1/ip/dsp_mul/dsp_mul_ooc.xdc] for cell 'U0'
Finished Parsing XDC File [d:/SABER_FPGA/Verilog_src/Polynomial_multiplier_prime/polmul_prime/polmul_prime.srcs/sources_1/ip/dsp_mul/dsp_mul_ooc.xdc] for cell 'U0'
Parsing XDC File [D:/SABER_FPGA/Verilog_src/Polynomial_multiplier_prime/polmul_prime/polmul_prime.runs/dsp_mul_synth_1/dont_touch.xdc]
Finished Parsing XDC File [D:/SABER_FPGA/Verilog_src/Polynomial_multiplier_prime/polmul_prime/polmul_prime.runs/dsp_mul_synth_1/dont_touch.xdc]
Completed Processing XDC Constraints

INFO: [Project 1-111] Unisim Transformation Summary:
  A total of 1 instances were transformed.
  DSP48E2 => DSP48E2 (DSP_ALU, DSP_A_B_DATA, DSP_C_DATA, DSP_MULTIPLIER, DSP_M_DATA, DSP_OUTPUT, DSP_PREADD_DATA, DSP_PREADD): 1 instances

Constraint Validation Runtime : Time (s): cpu = 00:00:00 ; elapsed = 00:00:00.343 . Memory (MB): peak = 1467.281 ; gain = 0.000
---------------------------------------------------------------------------------
Finished Constraint Validation : Time (s): cpu = 00:01:32 ; elapsed = 00:01:47 . Memory (MB): peak = 1467.281 ; gain = 784.000
---------------------------------------------------------------------------------
---------------------------------------------------------------------------------
Start Loading Part and Timing Information
---------------------------------------------------------------------------------
Loading part: xczu9eg-ffvb1156-2-e
---------------------------------------------------------------------------------
Finished Loading Part and Timing Information : Time (s): cpu = 00:01:32 ; elapsed = 00:01:47 . Memory (MB): peak = 1467.281 ; gain = 784.000
---------------------------------------------------------------------------------
---------------------------------------------------------------------------------
Start Applying 'set_property' XDC Constraints
---------------------------------------------------------------------------------
Applied set_property DONT_TOUCH = true for U0. (constraint file  D:/SABER_FPGA/Verilog_src/Polynomial_multiplier_prime/polmul_prime/polmul_prime.runs/dsp_mul_synth_1/dont_touch.xdc, line 9).
---------------------------------------------------------------------------------
Finished applying 'set_property' XDC Constraints : Time (s): cpu = 00:01:32 ; elapsed = 00:01:47 . Memory (MB): peak = 1467.281 ; gain = 784.000
---------------------------------------------------------------------------------
---------------------------------------------------------------------------------
Finished RTL Optimization Phase 2 : Time (s): cpu = 00:01:33 ; elapsed = 00:01:49 . Memory (MB): peak = 1467.281 ; gain = 784.000
---------------------------------------------------------------------------------
INFO: [Synth 8-223] decloning instance 'U0/i_synth/i_synth_option.i_synth_model/i_a2' (xbip_pipe_v3_0_5_viv) to 'U0/i_synth/i_synth_option.i_synth_model/i_has_a.i_a1'
INFO: [Synth 8-223] decloning instance 'U0/i_synth/i_synth_option.i_synth_model/i_op1' (xbip_pipe_v3_0_5_viv__parameterized2) to 'U0/i_synth/i_synth_option.i_synth_model/i_op2'
INFO: [Synth 8-223] decloning instance 'U0/i_synth/i_synth_option.i_synth_model/i_carryin1' (xbip_pipe_v3_0_5_viv__parameterized4) to 'U0/i_synth/i_synth_option.i_synth_model/i_carryin2'

Report RTL Partitions: 
+-+--------------+------------+----------+
| |RTL Partition |Replication |Instances |
+-+--------------+------------+----------+
+-+--------------+------------+----------+
---------------------------------------------------------------------------------
Start RTL Component Statistics 
---------------------------------------------------------------------------------
---------------------------------------------------------------------------------
Finished RTL Component Statistics 
---------------------------------------------------------------------------------
---------------------------------------------------------------------------------
Start RTL Hierarchical Component Statistics 
---------------------------------------------------------------------------------
---------------------------------------------------------------------------------
Finished RTL Hierarchical Component Statistics
---------------------------------------------------------------------------------
---------------------------------------------------------------------------------
Start Part Resource Summary
---------------------------------------------------------------------------------
Part Resources:
DSPs: 2520 (col length:168)
BRAMs: 1824 (col length: RAMB18 168 RAMB36 84)
---------------------------------------------------------------------------------
Finished Part Resource Summary
---------------------------------------------------------------------------------
---------------------------------------------------------------------------------
Start Cross Boundary and Area Optimization
---------------------------------------------------------------------------------
Warning: Parallel synthesis criteria is not met 
---------------------------------------------------------------------------------
Finished Cross Boundary and Area Optimization : Time (s): cpu = 00:01:36 ; elapsed = 00:01:52 . Memory (MB): peak = 1467.281 ; gain = 784.000
---------------------------------------------------------------------------------

Report RTL Partitions: 
+-+--------------+------------+----------+
| |RTL Partition |Replication |Instances |
+-+--------------+------------+----------+
+-+--------------+------------+----------+
---------------------------------------------------------------------------------
Start Applying XDC Timing Constraints
---------------------------------------------------------------------------------
---------------------------------------------------------------------------------
Finished Applying XDC Timing Constraints : Time (s): cpu = 00:03:36 ; elapsed = 00:04:12 . Memory (MB): peak = 2111.223 ; gain = 1427.941
---------------------------------------------------------------------------------
---------------------------------------------------------------------------------
Start Timing Optimization
---------------------------------------------------------------------------------
---------------------------------------------------------------------------------
Finished Timing Optimization : Time (s): cpu = 00:03:36 ; elapsed = 00:04:13 . Memory (MB): peak = 2112.613 ; gain = 1429.332
---------------------------------------------------------------------------------

Report RTL Partitions: 
+-+--------------+------------+----------+
| |RTL Partition |Replication |Instances |
+-+--------------+------------+----------+
+-+--------------+------------+----------+
---------------------------------------------------------------------------------
Start Technology Mapping
---------------------------------------------------------------------------------
---------------------------------------------------------------------------------
Finished Technology Mapping : Time (s): cpu = 00:03:36 ; elapsed = 00:04:13 . Memory (MB): peak = 2122.309 ; gain = 1439.027
---------------------------------------------------------------------------------

Report RTL Partitions: 
+-+--------------+------------+----------+
| |RTL Partition |Replication |Instances |
+-+--------------+------------+----------+
+-+--------------+------------+----------+
---------------------------------------------------------------------------------
Start IO Insertion
---------------------------------------------------------------------------------
---------------------------------------------------------------------------------
Start Flattening Before IO Insertion
---------------------------------------------------------------------------------
---------------------------------------------------------------------------------
Finished Flattening Before IO Insertion
---------------------------------------------------------------------------------
---------------------------------------------------------------------------------
Start Final Netlist Cleanup
---------------------------------------------------------------------------------
---------------------------------------------------------------------------------
Finished Final Netlist Cleanup
---------------------------------------------------------------------------------
---------------------------------------------------------------------------------
Finished IO Insertion : Time (s): cpu = 00:03:40 ; elapsed = 00:04:17 . Memory (MB): peak = 2122.309 ; gain = 1439.027
---------------------------------------------------------------------------------

Report Check Netlist: 
+------+------------------+-------+---------+-------+------------------+
|      |Item              |Errors |Warnings |Status |Description       |
+------+------------------+-------+---------+-------+------------------+
|1     |multi_driven_nets |      0|        0|Passed |Multi driven nets |
+------+------------------+-------+---------+-------+------------------+
---------------------------------------------------------------------------------
Start Renaming Generated Instances
---------------------------------------------------------------------------------
---------------------------------------------------------------------------------
Finished Renaming Generated Instances : Time (s): cpu = 00:03:40 ; elapsed = 00:04:17 . Memory (MB): peak = 2122.309 ; gain = 1439.027
---------------------------------------------------------------------------------

Report RTL Partitions: 
+-+--------------+------------+----------+
| |RTL Partition |Replication |Instances |
+-+--------------+------------+----------+
+-+--------------+------------+----------+
---------------------------------------------------------------------------------
Start Rebuilding User Hierarchy
---------------------------------------------------------------------------------
---------------------------------------------------------------------------------
Finished Rebuilding User Hierarchy : Time (s): cpu = 00:03:40 ; elapsed = 00:04:17 . Memory (MB): peak = 2122.309 ; gain = 1439.027
---------------------------------------------------------------------------------
---------------------------------------------------------------------------------
Start Renaming Generated Ports
---------------------------------------------------------------------------------
---------------------------------------------------------------------------------
Finished Renaming Generated Ports : Time (s): cpu = 00:03:40 ; elapsed = 00:04:17 . Memory (MB): peak = 2122.309 ; gain = 1439.027
---------------------------------------------------------------------------------
---------------------------------------------------------------------------------
Start Handling Custom Attributes
---------------------------------------------------------------------------------
---------------------------------------------------------------------------------
Finished Handling Custom Attributes : Time (s): cpu = 00:03:40 ; elapsed = 00:04:17 . Memory (MB): peak = 2122.309 ; gain = 1439.027
---------------------------------------------------------------------------------
---------------------------------------------------------------------------------
Start Renaming Generated Nets
---------------------------------------------------------------------------------
---------------------------------------------------------------------------------
Finished Renaming Generated Nets : Time (s): cpu = 00:03:40 ; elapsed = 00:04:17 . Memory (MB): peak = 2122.309 ; gain = 1439.027
---------------------------------------------------------------------------------
---------------------------------------------------------------------------------
Start Writing Synthesis Report
---------------------------------------------------------------------------------

Report BlackBoxes: 
+-+--------------+----------+
| |BlackBox name |Instances |
+-+--------------+----------+
+-+--------------+----------+

Report Cell Usage: 
+------+----------------+------+
|      |Cell            |Count |
+------+----------------+------+
|1     |DSP_ALU         |     1|
|2     |DSP_A_B_DATA    |     1|
|3     |DSP_C_DATA      |     1|
|4     |DSP_MULTIPLIER  |     1|
|5     |DSP_M_DATA      |     1|
|6     |DSP_OUTPUT      |     1|
|7     |DSP_PREADD      |     1|
|8     |DSP_PREADD_DATA |     1|
|9     |LUT2            |     1|
|10    |LUT3            |     1|
|11    |FDRE            |    98|
+------+----------------+------+
---------------------------------------------------------------------------------
Finished Writing Synthesis Report : Time (s): cpu = 00:03:40 ; elapsed = 00:04:17 . Memory (MB): peak = 2122.309 ; gain = 1439.027
---------------------------------------------------------------------------------
Synthesis finished with 0 errors, 0 critical warnings and 157 warnings.
Synthesis Optimization Runtime : Time (s): cpu = 00:02:27 ; elapsed = 00:03:29 . Memory (MB): peak = 2122.309 ; gain = 655.027
Synthesis Optimization Complete : Time (s): cpu = 00:03:40 ; elapsed = 00:04:17 . Memory (MB): peak = 2122.309 ; gain = 1439.027
INFO: [Project 1-571] Translating synthesized netlist
INFO: [Netlist 29-17] Analyzing 1 Unisim elements for replacement
INFO: [Netlist 29-28] Unisim Transformation completed in 0 CPU seconds
INFO: [Project 1-570] Preparing netlist for logic optimization
INFO: [Opt 31-138] Pushed 0 inverter(s) to 0 load pin(s).
INFO: [Project 1-111] Unisim Transformation Summary:
  A total of 1 instances were transformed.
  DSP48E2 => DSP48E2 (DSP_ALU, DSP_A_B_DATA, DSP_C_DATA, DSP_MULTIPLIER, DSP_M_DATA, DSP_OUTPUT, DSP_PREADD_DATA, DSP_PREADD): 1 instances

INFO: [Common 17-83] Releasing license: Synthesis
21 Infos, 100 Warnings, 0 Critical Warnings and 0 Errors encountered.
synth_design completed successfully
synth_design: Time (s): cpu = 00:03:50 ; elapsed = 00:04:28 . Memory (MB): peak = 2156.406 ; gain = 1473.125
INFO: [Common 17-1381] The checkpoint 'D:/SABER_FPGA/Verilog_src/Polynomial_multiplier_prime/polmul_prime/polmul_prime.runs/dsp_mul_synth_1/dsp_mul.dcp' has been generated.
